mode: atomic
github.com/suhasHere/mls/state.go:29.39,31.31 2 12
github.com/suhasHere/mls/state.go:34.2,34.25 1 12
github.com/suhasHere/mls/state.go:31.31,33.3 1 96
github.com/suhasHere/mls/state.go:65.67,67.2 1 6
github.com/suhasHere/mls/state.go:69.100,75.34 4 8
github.com/suhasHere/mls/state.go:81.2,98.15 4 7
github.com/suhasHere/mls/state.go:75.34,76.44 1 2
github.com/suhasHere/mls/state.go:76.44,78.4 1 1
github.com/suhasHere/mls/state.go:101.117,104.16 2 16
github.com/suhasHere/mls/state.go:109.2,124.59 2 16
github.com/suhasHere/mls/state.go:128.2,128.48 1 16
github.com/suhasHere/mls/state.go:104.16,106.3 1 0
github.com/suhasHere/mls/state.go:124.59,126.3 1 68
github.com/suhasHere/mls/state.go:131.72,137.27 5 15
github.com/suhasHere/mls/state.go:157.2,157.12 1 15
github.com/suhasHere/mls/state.go:161.2,161.51 1 15
github.com/suhasHere/mls/state.go:165.2,165.34 1 15
github.com/suhasHere/mls/state.go:169.2,169.45 1 15
github.com/suhasHere/mls/state.go:173.2,174.16 2 15
github.com/suhasHere/mls/state.go:178.2,180.16 3 15
github.com/suhasHere/mls/state.go:185.2,186.16 2 15
github.com/suhasHere/mls/state.go:190.2,194.43 3 15
github.com/suhasHere/mls/state.go:201.2,202.10 2 15
github.com/suhasHere/mls/state.go:205.2,207.16 3 15
github.com/suhasHere/mls/state.go:212.2,216.16 4 15
github.com/suhasHere/mls/state.go:220.2,226.51 5 15
github.com/suhasHere/mls/state.go:230.2,230.15 1 15
github.com/suhasHere/mls/state.go:137.27,139.17 2 15
github.com/suhasHere/mls/state.go:142.3,144.39 2 15
github.com/suhasHere/mls/state.go:152.3,152.12 1 15
github.com/suhasHere/mls/state.go:139.17,141.4 1 0
github.com/suhasHere/mls/state.go:144.39,146.13 2 33
github.com/suhasHere/mls/state.go:146.13,149.10 3 15
github.com/suhasHere/mls/state.go:152.12,153.9 1 15
github.com/suhasHere/mls/state.go:157.12,159.3 1 0
github.com/suhasHere/mls/state.go:161.51,163.3 1 0
github.com/suhasHere/mls/state.go:165.34,167.3 1 0
github.com/suhasHere/mls/state.go:169.45,171.3 1 0
github.com/suhasHere/mls/state.go:174.16,176.3 1 0
github.com/suhasHere/mls/state.go:180.16,182.3 1 0
github.com/suhasHere/mls/state.go:186.16,188.3 1 0
github.com/suhasHere/mls/state.go:194.43,195.52 1 0
github.com/suhasHere/mls/state.go:195.52,197.4 1 0
github.com/suhasHere/mls/state.go:202.10,204.3 1 0
github.com/suhasHere/mls/state.go:207.16,209.3 1 0
github.com/suhasHere/mls/state.go:216.16,218.3 1 0
github.com/suhasHere/mls/state.go:226.51,228.3 1 0
github.com/suhasHere/mls/state.go:233.117,237.29 3 1
github.com/suhasHere/mls/state.go:251.2,251.15 1 1
github.com/suhasHere/mls/state.go:256.2,257.16 2 1
github.com/suhasHere/mls/state.go:261.2,262.16 2 1
github.com/suhasHere/mls/state.go:267.2,268.16 2 1
github.com/suhasHere/mls/state.go:273.2,274.16 2 1
github.com/suhasHere/mls/state.go:278.2,278.31 1 1
github.com/suhasHere/mls/state.go:237.29,238.32 1 1
github.com/suhasHere/mls/state.go:246.3,246.15 1 1
github.com/suhasHere/mls/state.go:238.32,239.74 1 1
github.com/suhasHere/mls/state.go:239.74,243.10 4 1
github.com/suhasHere/mls/state.go:246.15,247.9 1 1
github.com/suhasHere/mls/state.go:251.15,253.3 1 0
github.com/suhasHere/mls/state.go:257.16,259.3 1 0
github.com/suhasHere/mls/state.go:262.16,264.3 1 0
github.com/suhasHere/mls/state.go:268.16,270.3 1 0
github.com/suhasHere/mls/state.go:274.16,276.3 1 0
github.com/suhasHere/mls/state.go:281.58,283.43 1 17
github.com/suhasHere/mls/state.go:289.2,295.28 2 16
github.com/suhasHere/mls/state.go:283.43,284.44 1 2
github.com/suhasHere/mls/state.go:284.44,286.4 1 1
github.com/suhasHere/mls/state.go:298.61,306.16 3 6
github.com/suhasHere/mls/state.go:309.2,311.16 3 6
github.com/suhasHere/mls/state.go:306.16,308.3 1 0
github.com/suhasHere/mls/state.go:314.66,321.16 3 3
github.com/suhasHere/mls/state.go:324.2,324.16 1 3
github.com/suhasHere/mls/state.go:321.16,323.3 1 0
github.com/suhasHere/mls/state.go:327.84,332.40 3 15
github.com/suhasHere/mls/state.go:347.2,349.16 3 15
github.com/suhasHere/mls/state.go:354.2,358.16 3 15
github.com/suhasHere/mls/state.go:362.2,364.16 3 15
github.com/suhasHere/mls/state.go:369.2,371.16 3 15
github.com/suhasHere/mls/state.go:375.2,377.16 3 15
github.com/suhasHere/mls/state.go:381.2,382.16 2 15
github.com/suhasHere/mls/state.go:386.2,388.16 3 15
github.com/suhasHere/mls/state.go:393.2,394.16 2 15
github.com/suhasHere/mls/state.go:399.2,408.16 3 15
github.com/suhasHere/mls/state.go:412.2,414.29 3 15
github.com/suhasHere/mls/state.go:429.2,429.31 1 15
github.com/suhasHere/mls/state.go:332.40,335.26 3 24
github.com/suhasHere/mls/state.go:336.24,338.54 2 15
github.com/suhasHere/mls/state.go:339.27,340.48 1 6
github.com/suhasHere/mls/state.go:341.27,342.48 1 3
github.com/suhasHere/mls/state.go:349.16,351.3 1 0
github.com/suhasHere/mls/state.go:358.16,360.3 1 0
github.com/suhasHere/mls/state.go:364.16,366.3 1 0
github.com/suhasHere/mls/state.go:371.16,373.3 1 0
github.com/suhasHere/mls/state.go:377.16,379.3 1 0
github.com/suhasHere/mls/state.go:382.16,384.3 1 0
github.com/suhasHere/mls/state.go:388.16,390.3 1 0
github.com/suhasHere/mls/state.go:394.16,396.3 1 0
github.com/suhasHere/mls/state.go:408.16,410.3 1 0
github.com/suhasHere/mls/state.go:414.29,416.10 2 15
github.com/suhasHere/mls/state.go:420.3,422.10 3 15
github.com/suhasHere/mls/state.go:426.3,426.36 1 15
github.com/suhasHere/mls/state.go:416.10,418.4 1 0
github.com/suhasHere/mls/state.go:422.10,424.4 1 0
github.com/suhasHere/mls/state.go:434.44,440.16 3 42
github.com/suhasHere/mls/state.go:444.2,445.16 2 42
github.com/suhasHere/mls/state.go:449.2,450.16 2 42
github.com/suhasHere/mls/state.go:454.2,454.12 1 42
github.com/suhasHere/mls/state.go:440.16,442.3 1 0
github.com/suhasHere/mls/state.go:445.16,447.3 1 0
github.com/suhasHere/mls/state.go:450.16,452.3 1 0
github.com/suhasHere/mls/state.go:457.58,458.49 1 15
github.com/suhasHere/mls/state.go:462.2,462.30 1 15
github.com/suhasHere/mls/state.go:466.2,468.47 3 15
github.com/suhasHere/mls/state.go:458.49,460.3 1 0
github.com/suhasHere/mls/state.go:462.30,464.3 1 0
github.com/suhasHere/mls/state.go:471.67,473.2 1 9
github.com/suhasHere/mls/state.go:475.85,476.52 1 27
github.com/suhasHere/mls/state.go:480.2,480.33 1 27
github.com/suhasHere/mls/state.go:484.2,485.9 2 27
github.com/suhasHere/mls/state.go:489.2,489.61 1 27
github.com/suhasHere/mls/state.go:493.2,493.53 1 27
github.com/suhasHere/mls/state.go:476.52,477.130 1 0
github.com/suhasHere/mls/state.go:480.33,482.3 1 0
github.com/suhasHere/mls/state.go:485.9,487.3 1 0
github.com/suhasHere/mls/state.go:489.61,491.3 1 25
github.com/suhasHere/mls/state.go:496.83,497.25 1 126
github.com/suhasHere/mls/state.go:549.2,549.12 1 126
github.com/suhasHere/mls/state.go:497.25,499.10 2 51
github.com/suhasHere/mls/state.go:504.3,504.29 1 51
github.com/suhasHere/mls/state.go:510.3,511.26 2 51
github.com/suhasHere/mls/state.go:499.10,501.4 1 0
github.com/suhasHere/mls/state.go:504.29,505.12 1 0
github.com/suhasHere/mls/state.go:506.9,508.4 1 51
github.com/suhasHere/mls/state.go:512.24,514.18 2 15
github.com/suhasHere/mls/state.go:517.27,518.42 1 27
github.com/suhasHere/mls/state.go:522.4,524.18 3 27
github.com/suhasHere/mls/state.go:528.4,528.30 1 27
github.com/suhasHere/mls/state.go:540.27,542.18 2 9
github.com/suhasHere/mls/state.go:545.11,546.57 1 0
github.com/suhasHere/mls/state.go:514.18,516.5 1 0
github.com/suhasHere/mls/state.go:518.42,520.5 1 0
github.com/suhasHere/mls/state.go:524.18,526.5 1 0
github.com/suhasHere/mls/state.go:528.30,530.12 2 6
github.com/suhasHere/mls/state.go:534.5,535.19 2 6
github.com/suhasHere/mls/state.go:530.12,532.6 1 0
github.com/suhasHere/mls/state.go:535.19,537.6 1 0
github.com/suhasHere/mls/state.go:542.18,544.5 1 0
github.com/suhasHere/mls/state.go:552.65,553.40 1 51
github.com/suhasHere/mls/state.go:562.2,562.30 1 0
github.com/suhasHere/mls/state.go:553.40,555.42 2 69
github.com/suhasHere/mls/state.go:555.42,557.4 1 51
github.com/suhasHere/mls/state.go:565.62,567.16 2 99
github.com/suhasHere/mls/state.go:571.2,573.3 1 99
github.com/suhasHere/mls/state.go:567.16,568.71 1 0
github.com/suhasHere/mls/state.go:576.44,584.2 1 177
github.com/suhasHere/mls/state.go:586.56,597.16 3 25
github.com/suhasHere/mls/state.go:600.2,600.16 1 25
github.com/suhasHere/mls/state.go:597.16,599.3 1 0
github.com/suhasHere/mls/state.go:603.51,610.16 2 42
github.com/suhasHere/mls/state.go:615.2,615.66 1 42
github.com/suhasHere/mls/state.go:610.16,611.69 1 0
github.com/suhasHere/mls/state.go:618.112,649.16 13 15
github.com/suhasHere/mls/state.go:653.2,654.16 2 15
github.com/suhasHere/mls/state.go:658.2,663.16 5 15
github.com/suhasHere/mls/state.go:649.16,651.3 1 0
github.com/suhasHere/mls/state.go:654.16,656.3 1 0
github.com/suhasHere/mls/state.go:666.76,667.21 1 100
github.com/suhasHere/mls/state.go:668.24,670.10 2 100
github.com/suhasHere/mls/state.go:674.3,674.40 1 100
github.com/suhasHere/mls/state.go:676.10,679.63 1 0
github.com/suhasHere/mls/state.go:670.10,672.4 1 0
github.com/suhasHere/mls/state.go:683.58,684.41 1 78
github.com/suhasHere/mls/state.go:688.2,688.25 1 78
github.com/suhasHere/mls/state.go:692.2,693.16 2 78
github.com/suhasHere/mls/state.go:697.2,697.55 1 78
github.com/suhasHere/mls/state.go:702.2,703.40 2 78
github.com/suhasHere/mls/state.go:708.2,708.38 1 27
github.com/suhasHere/mls/state.go:714.2,714.44 1 27
github.com/suhasHere/mls/state.go:719.2,723.16 5 27
github.com/suhasHere/mls/state.go:727.2,736.16 3 27
github.com/suhasHere/mls/state.go:740.2,741.16 2 27
github.com/suhasHere/mls/state.go:746.2,747.16 2 27
github.com/suhasHere/mls/state.go:752.2,762.60 7 27
github.com/suhasHere/mls/state.go:766.2,767.16 2 27
github.com/suhasHere/mls/state.go:772.2,777.18 5 27
github.com/suhasHere/mls/state.go:684.41,686.3 1 0
github.com/suhasHere/mls/state.go:688.25,690.3 1 0
github.com/suhasHere/mls/state.go:693.16,695.3 1 0
github.com/suhasHere/mls/state.go:697.55,699.3 1 0
github.com/suhasHere/mls/state.go:703.40,706.3 2 51
github.com/suhasHere/mls/state.go:708.38,710.3 1 0
github.com/suhasHere/mls/state.go:710.8,710.47 1 27
github.com/suhasHere/mls/state.go:710.47,712.3 1 0
github.com/suhasHere/mls/state.go:714.44,716.3 1 0
github.com/suhasHere/mls/state.go:723.16,725.3 1 0
github.com/suhasHere/mls/state.go:736.16,738.3 1 0
github.com/suhasHere/mls/state.go:741.16,743.3 1 0
github.com/suhasHere/mls/state.go:747.16,749.3 1 0
github.com/suhasHere/mls/state.go:762.60,764.3 1 0
github.com/suhasHere/mls/state.go:767.16,769.3 1 0
github.com/suhasHere/mls/state.go:782.61,787.41 4 28
github.com/suhasHere/mls/state.go:790.2,790.13 1 28
github.com/suhasHere/mls/state.go:787.41,789.3 1 0
github.com/suhasHere/mls/state.go:793.60,795.28 2 29
github.com/suhasHere/mls/state.go:798.2,798.17 1 29
github.com/suhasHere/mls/state.go:795.28,797.3 1 116
github.com/suhasHere/mls/state.go:801.67,804.27 3 7
github.com/suhasHere/mls/state.go:813.2,818.16 5 7
github.com/suhasHere/mls/state.go:822.2,832.16 9 7
github.com/suhasHere/mls/state.go:835.2,835.16 1 7
github.com/suhasHere/mls/state.go:838.2,856.16 6 7
github.com/suhasHere/mls/state.go:805.30,806.58 1 7
github.com/suhasHere/mls/state.go:807.46,808.56 1 0
github.com/suhasHere/mls/state.go:809.10,810.68 1 0
github.com/suhasHere/mls/state.go:818.16,820.3 1 0
github.com/suhasHere/mls/state.go:832.16,834.3 1 7
github.com/suhasHere/mls/state.go:835.16,837.3 1 0
github.com/suhasHere/mls/state.go:859.67,860.41 1 22
github.com/suhasHere/mls/state.go:864.2,864.25 1 22
github.com/suhasHere/mls/state.go:869.2,872.16 4 22
github.com/suhasHere/mls/state.go:877.2,882.16 6 22
github.com/suhasHere/mls/state.go:886.2,888.21 3 22
github.com/suhasHere/mls/state.go:905.2,909.16 4 22
github.com/suhasHere/mls/state.go:914.2,918.16 5 22
github.com/suhasHere/mls/state.go:921.2,921.16 1 22
github.com/suhasHere/mls/state.go:924.2,934.16 3 22
github.com/suhasHere/mls/state.go:860.41,862.3 1 0
github.com/suhasHere/mls/state.go:864.25,866.3 1 0
github.com/suhasHere/mls/state.go:872.16,874.3 1 0
github.com/suhasHere/mls/state.go:882.16,884.3 1 0
github.com/suhasHere/mls/state.go:889.30,891.17 2 22
github.com/suhasHere/mls/state.go:894.3,894.51 1 22
github.com/suhasHere/mls/state.go:895.46,897.17 2 0
github.com/suhasHere/mls/state.go:900.3,900.49 1 0
github.com/suhasHere/mls/state.go:901.10,902.64 1 0
github.com/suhasHere/mls/state.go:891.17,893.4 1 0
github.com/suhasHere/mls/state.go:897.17,899.4 1 0
github.com/suhasHere/mls/state.go:909.16,911.3 1 0
github.com/suhasHere/mls/state.go:918.16,920.3 1 22
github.com/suhasHere/mls/state.go:921.16,923.3 1 0
github.com/suhasHere/mls/state.go:937.62,950.16 3 7
github.com/suhasHere/mls/state.go:953.2,953.22 1 7
github.com/suhasHere/mls/state.go:950.16,952.3 1 0
github.com/suhasHere/mls/state.go:956.62,958.16 2 22
github.com/suhasHere/mls/state.go:962.2,963.16 2 22
github.com/suhasHere/mls/state.go:967.2,967.55 1 22
github.com/suhasHere/mls/state.go:971.2,971.49 1 22
github.com/suhasHere/mls/state.go:974.2,974.41 1 22
github.com/suhasHere/mls/state.go:958.16,960.3 1 0
github.com/suhasHere/mls/state.go:963.16,965.3 1 0
github.com/suhasHere/mls/state.go:967.55,969.3 1 0
github.com/suhasHere/mls/state.go:971.49,973.3 1 0
github.com/suhasHere/mls/state.go:977.91,991.16 3 29
github.com/suhasHere/mls/state.go:995.2,995.17 1 29
github.com/suhasHere/mls/state.go:991.16,993.3 1 0
github.com/suhasHere/mls/state.go:1000.45,1019.16 3 29
github.com/suhasHere/mls/state.go:1022.2,1022.17 1 29
github.com/suhasHere/mls/state.go:1019.16,1021.3 1 0
github.com/suhasHere/mls/state.go:1025.31,1046.2 3 42
github.com/suhasHere/mls/state.go:1049.37,1059.2 8 112
github.com/suhasHere/mls/state.go:1082.86,1087.16 4 1
github.com/suhasHere/mls/state.go:1092.2,1095.41 2 1
github.com/suhasHere/mls/state.go:1099.2,1099.15 1 1
github.com/suhasHere/mls/state.go:1087.16,1089.3 1 0
github.com/suhasHere/mls/state.go:1095.41,1097.3 1 0
github.com/suhasHere/mls/state.go:1102.45,1112.2 9 1
github.com/suhasHere/mls/state.go:1114.42,1129.2 3 1
github.com/suhasHere/mls/tree-math.go:28.44,30.2 1 132988
github.com/suhasHere/mls/tree-math.go:32.44,33.20 1 344
github.com/suhasHere/mls/tree-math.go:37.2,37.29 1 343
github.com/suhasHere/mls/tree-math.go:33.20,34.41 1 1
github.com/suhasHere/mls/tree-math.go:41.29,42.12 1 32591
github.com/suhasHere/mls/tree-math.go:46.2,47.19 2 32590
github.com/suhasHere/mls/tree-math.go:50.2,50.14 1 32590
github.com/suhasHere/mls/tree-math.go:42.12,44.3 1 1
github.com/suhasHere/mls/tree-math.go:47.19,49.3 1 264009
github.com/suhasHere/mls/tree-math.go:54.30,55.17 1 58354
github.com/suhasHere/mls/tree-math.go:59.2,60.23 2 51329
github.com/suhasHere/mls/tree-math.go:63.2,63.10 1 51329
github.com/suhasHere/mls/tree-math.go:55.17,57.3 1 7025
github.com/suhasHere/mls/tree-math.go:60.23,62.3 1 183053
github.com/suhasHere/mls/tree-math.go:67.39,69.2 1 65406
github.com/suhasHere/mls/tree-math.go:72.39,74.2 1 2730
github.com/suhasHere/mls/tree-math.go:77.34,80.2 2 32570
github.com/suhasHere/mls/tree-math.go:83.34,84.19 1 7348
github.com/suhasHere/mls/tree-math.go:88.2,88.37 1 6827
github.com/suhasHere/mls/tree-math.go:84.19,86.3 1 521
github.com/suhasHere/mls/tree-math.go:92.48,93.19 1 6587
github.com/suhasHere/mls/tree-math.go:97.2,99.13 3 6066
github.com/suhasHere/mls/tree-math.go:102.2,102.10 1 6066
github.com/suhasHere/mls/tree-math.go:93.19,95.3 1 521
github.com/suhasHere/mls/tree-math.go:99.13,101.3 1 850
github.com/suhasHere/mls/tree-math.go:106.41,111.2 3 27246
github.com/suhasHere/mls/tree-math.go:114.49,116.18 1 26925
github.com/suhasHere/mls/tree-math.go:120.2,122.13 3 26766
github.com/suhasHere/mls/tree-math.go:125.2,125.10 1 26766
github.com/suhasHere/mls/tree-math.go:116.18,118.3 1 159
github.com/suhasHere/mls/tree-math.go:122.13,124.3 1 480
github.com/suhasHere/mls/tree-math.go:129.50,131.11 2 8452
github.com/suhasHere/mls/tree-math.go:138.2,138.10 1 3
github.com/suhasHere/mls/tree-math.go:131.11,133.3 1 4269
github.com/suhasHere/mls/tree-math.go:133.8,133.18 1 4183
github.com/suhasHere/mls/tree-math.go:133.18,135.3 1 4180
github.com/suhasHere/mls/tree-math.go:143.52,147.13 4 3114
github.com/suhasHere/mls/tree-math.go:152.2,152.12 1 3114
github.com/suhasHere/mls/tree-math.go:155.2,155.10 1 3114
github.com/suhasHere/mls/tree-math.go:147.13,150.3 2 13775
github.com/suhasHere/mls/tree-math.go:152.12,154.3 1 3080
github.com/suhasHere/mls/tree-math.go:160.51,162.17 2 1128
github.com/suhasHere/mls/tree-math.go:166.2,170.22 4 1125
github.com/suhasHere/mls/tree-math.go:179.2,179.10 1 1125
github.com/suhasHere/mls/tree-math.go:162.17,164.3 1 3
github.com/suhasHere/mls/tree-math.go:170.22,172.13 1 7413
github.com/suhasHere/mls/tree-math.go:176.3,176.23 1 7413
github.com/suhasHere/mls/tree-math.go:172.13,173.12 1 0
github.com/suhasHere/mls/tree-math.go:182.34,185.2 2 441
github.com/suhasHere/mls/tree-math.go:187.45,189.32 2 882
github.com/suhasHere/mls/tree-math.go:192.2,192.32 1 720
github.com/suhasHere/mls/tree-math.go:196.2,198.15 3 600
github.com/suhasHere/mls/tree-math.go:203.2,203.39 1 600
github.com/suhasHere/mls/tree-math.go:189.32,191.3 1 162
github.com/suhasHere/mls/tree-math.go:192.32,194.3 1 120
github.com/suhasHere/mls/tree-math.go:198.15,201.3 2 2576
github.com/suhasHere/mls/tree-math.go:207.41,211.15 3 64910
github.com/suhasHere/mls/tree-math.go:216.2,216.39 1 64910
github.com/suhasHere/mls/tree-math.go:211.15,214.3 2 520724
github.com/suhasHere/mls/crypto.go:35.40,36.12 1 0
github.com/suhasHere/mls/crypto.go:44.2,44.14 1 0
github.com/suhasHere/mls/crypto.go:40.42,41.14 1 0
github.com/suhasHere/mls/crypto.go:47.39,48.12 1 5
github.com/suhasHere/mls/crypto.go:63.2,63.29 1 1
github.com/suhasHere/mls/crypto.go:49.39,50.43 1 1
github.com/suhasHere/mls/crypto.go:51.34,52.38 1 1
github.com/suhasHere/mls/crypto.go:53.46,54.50 1 1
github.com/suhasHere/mls/crypto.go:55.35,56.39 1 0
github.com/suhasHere/mls/crypto.go:57.34,58.38 1 1
github.com/suhasHere/mls/crypto.go:59.42,60.46 1 0
github.com/suhasHere/mls/crypto.go:75.51,76.12 1 6592
github.com/suhasHere/mls/crypto.go:115.2,115.34 1 0
github.com/suhasHere/mls/crypto.go:77.39,85.4 1 160
github.com/suhasHere/mls/crypto.go:86.34,94.4 1 6420
github.com/suhasHere/mls/crypto.go:95.46,103.4 1 6
github.com/suhasHere/mls/crypto.go:104.34,112.4 1 6
github.com/suhasHere/mls/crypto.go:118.48,119.12 1 88
github.com/suhasHere/mls/crypto.go:130.2,130.34 1 0
github.com/suhasHere/mls/crypto.go:120.39,121.17 1 2
github.com/suhasHere/mls/crypto.go:122.34,123.32 1 86
github.com/suhasHere/mls/crypto.go:124.46,125.17 1 0
github.com/suhasHere/mls/crypto.go:126.34,127.32 1 0
github.com/suhasHere/mls/crypto.go:133.37,135.2 1 42
github.com/suhasHere/mls/crypto.go:137.45,138.12 1 35644
github.com/suhasHere/mls/crypto.go:147.2,147.34 1 0
github.com/suhasHere/mls/crypto.go:140.42,141.22 1 35641
github.com/suhasHere/mls/crypto.go:143.63,144.22 1 3
github.com/suhasHere/mls/crypto.go:150.50,154.2 3 2967
github.com/suhasHere/mls/crypto.go:156.53,158.2 1 16272
github.com/suhasHere/mls/crypto.go:160.64,161.12 1 94
github.com/suhasHere/mls/crypto.go:175.2,175.34 1 0
github.com/suhasHere/mls/crypto.go:162.67,163.14 1 92
github.com/suhasHere/mls/crypto.go:164.63,166.17 2 93
github.com/suhasHere/mls/crypto.go:170.3,170.30 1 93
github.com/suhasHere/mls/crypto.go:171.46,172.35 1 1
github.com/suhasHere/mls/crypto.go:166.17,168.4 1 0
github.com/suhasHere/mls/crypto.go:178.60,182.2 3 290
github.com/suhasHere/mls/crypto.go:184.72,188.22 4 15918
github.com/suhasHere/mls/crypto.go:198.2,198.19 1 15918
github.com/suhasHere/mls/crypto.go:188.22,197.3 7 15924
github.com/suhasHere/mls/crypto.go:207.103,210.16 3 15918
github.com/suhasHere/mls/crypto.go:213.2,213.49 1 15918
github.com/suhasHere/mls/crypto.go:210.16,211.60 1 0
github.com/suhasHere/mls/crypto.go:216.88,220.2 3 1241
github.com/suhasHere/mls/crypto.go:227.122,229.16 2 13866
github.com/suhasHere/mls/crypto.go:233.2,233.55 1 13866
github.com/suhasHere/mls/crypto.go:229.16,230.69 1 0
github.com/suhasHere/mls/crypto.go:236.43,239.16 3 515
github.com/suhasHere/mls/crypto.go:243.2,243.32 1 515
github.com/suhasHere/mls/crypto.go:239.16,240.48 1 0
github.com/suhasHere/mls/crypto.go:259.53,261.2 1 176
github.com/suhasHere/mls/crypto.go:273.58,275.16 2 68
github.com/suhasHere/mls/crypto.go:279.2,283.17 2 68
github.com/suhasHere/mls/crypto.go:275.16,277.3 1 0
github.com/suhasHere/mls/crypto.go:286.67,288.41 2 252
github.com/suhasHere/mls/crypto.go:299.2,304.41 5 252
github.com/suhasHere/mls/crypto.go:311.2,311.16 1 252
github.com/suhasHere/mls/crypto.go:315.2,320.17 3 252
github.com/suhasHere/mls/crypto.go:289.25,290.25 1 34
github.com/suhasHere/mls/crypto.go:291.23,292.25 1 218
github.com/suhasHere/mls/crypto.go:293.23,294.25 1 0
github.com/suhasHere/mls/crypto.go:295.23,296.25 1 0
github.com/suhasHere/mls/crypto.go:305.59,306.58 1 252
github.com/suhasHere/mls/crypto.go:307.23,308.58 1 0
github.com/suhasHere/mls/crypto.go:311.16,313.3 1 0
github.com/suhasHere/mls/crypto.go:323.90,325.16 2 126
github.com/suhasHere/mls/crypto.go:329.2,330.16 2 126
github.com/suhasHere/mls/crypto.go:334.2,335.37 2 126
github.com/suhasHere/mls/crypto.go:325.16,327.3 1 0
github.com/suhasHere/mls/crypto.go:330.16,332.3 1 0
github.com/suhasHere/mls/crypto.go:338.99,340.16 2 69
github.com/suhasHere/mls/crypto.go:344.2,345.16 2 69
github.com/suhasHere/mls/crypto.go:349.2,349.37 1 69
github.com/suhasHere/mls/crypto.go:340.16,342.3 1 0
github.com/suhasHere/mls/crypto.go:345.16,347.3 1 0
github.com/suhasHere/mls/crypto.go:365.69,367.2 1 20
github.com/suhasHere/mls/crypto.go:377.44,378.12 1 0
github.com/suhasHere/mls/crypto.go:383.2,383.14 1 0
github.com/suhasHere/mls/crypto.go:379.63,380.14 1 0
github.com/suhasHere/mls/crypto.go:386.43,387.12 1 2
github.com/suhasHere/mls/crypto.go:396.2,396.33 1 0
github.com/suhasHere/mls/crypto.go:388.30,389.34 1 1
github.com/suhasHere/mls/crypto.go:390.30,391.34 1 0
github.com/suhasHere/mls/crypto.go:392.15,393.19 1 1
github.com/suhasHere/mls/crypto.go:399.79,400.12 1 24
github.com/suhasHere/mls/crypto.go:441.2,441.32 1 0
github.com/suhasHere/mls/crypto.go:401.30,413.18 8 13
github.com/suhasHere/mls/crypto.go:415.30,427.18 8 0
github.com/suhasHere/mls/crypto.go:429.15,439.18 7 11
github.com/suhasHere/mls/crypto.go:444.67,445.12 1 48
github.com/suhasHere/mls/crypto.go:486.2,486.32 1 0
github.com/suhasHere/mls/crypto.go:446.30,449.17 3 44
github.com/suhasHere/mls/crypto.go:453.3,458.18 3 44
github.com/suhasHere/mls/crypto.go:460.30,463.17 3 0
github.com/suhasHere/mls/crypto.go:467.3,472.18 3 0
github.com/suhasHere/mls/crypto.go:474.15,476.17 2 4
github.com/suhasHere/mls/crypto.go:480.3,484.18 2 4
github.com/suhasHere/mls/crypto.go:449.17,451.4 1 0
github.com/suhasHere/mls/crypto.go:463.17,465.4 1 0
github.com/suhasHere/mls/crypto.go:476.17,478.4 1 0
github.com/suhasHere/mls/crypto.go:493.91,494.12 1 151
github.com/suhasHere/mls/crypto.go:525.2,525.32 1 0
github.com/suhasHere/mls/crypto.go:495.30,506.47 5 142
github.com/suhasHere/mls/crypto.go:508.30,519.47 5 0
github.com/suhasHere/mls/crypto.go:521.15,523.47 2 9
github.com/suhasHere/mls/crypto.go:528.91,529.12 1 161
github.com/suhasHere/mls/crypto.go:568.2,568.32 1 0
github.com/suhasHere/mls/crypto.go:530.30,540.17 8 160
github.com/suhasHere/mls/crypto.go:544.3,545.51 2 160
github.com/suhasHere/mls/crypto.go:547.30,557.17 8 0
github.com/suhasHere/mls/crypto.go:561.3,562.51 2 0
github.com/suhasHere/mls/crypto.go:564.15,566.54 2 1
github.com/suhasHere/mls/crypto.go:540.17,542.4 1 0
github.com/suhasHere/mls/crypto.go:557.17,559.4 1 0
github.com/suhasHere/mls/credential.go:22.46,24.2 1 1001
github.com/suhasHere/mls/credential.go:43.53,45.33 2 1
github.com/suhasHere/mls/credential.go:61.2,61.47 1 0
github.com/suhasHere/mls/credential.go:46.18,48.22 2 0
github.com/suhasHere/mls/credential.go:57.20,58.17 1 1
github.com/suhasHere/mls/credential.go:49.24,50.33 1 0
github.com/suhasHere/mls/credential.go:51.24,52.33 1 0
github.com/suhasHere/mls/credential.go:53.11,54.39 1 0
github.com/suhasHere/mls/credential.go:64.60,65.47 1 6
github.com/suhasHere/mls/credential.go:74.2,74.53 1 0
github.com/suhasHere/mls/credential.go:66.24,68.44 2 0
github.com/suhasHere/mls/credential.go:70.25,71.40 1 6
github.com/suhasHere/mls/credential.go:81.63,82.41 1 1
github.com/suhasHere/mls/credential.go:86.2,86.34 1 1
github.com/suhasHere/mls/credential.go:92.2,92.13 1 1
github.com/suhasHere/mls/credential.go:82.41,84.3 1 0
github.com/suhasHere/mls/credential.go:86.34,87.34 1 3
github.com/suhasHere/mls/credential.go:87.34,89.4 1 0
github.com/suhasHere/mls/credential.go:95.57,97.34 2 1
github.com/suhasHere/mls/credential.go:101.2,101.48 1 1
github.com/suhasHere/mls/credential.go:97.34,99.3 1 3
github.com/suhasHere/mls/credential.go:104.68,107.16 3 1
github.com/suhasHere/mls/credential.go:111.2,112.16 2 1
github.com/suhasHere/mls/credential.go:116.2,116.18 1 1
github.com/suhasHere/mls/credential.go:107.16,109.3 1 0
github.com/suhasHere/mls/credential.go:112.16,114.3 1 0
github.com/suhasHere/mls/credential.go:126.57,132.31 2 3
github.com/suhasHere/mls/credential.go:142.2,142.13 1 3
github.com/suhasHere/mls/credential.go:132.31,137.19 4 3
github.com/suhasHere/mls/credential.go:137.19,139.4 1 1
github.com/suhasHere/mls/credential.go:145.79,149.57 3 7
github.com/suhasHere/mls/credential.go:153.2,153.41 1 7
github.com/suhasHere/mls/credential.go:157.2,157.19 1 0
github.com/suhasHere/mls/credential.go:149.57,151.3 1 0
github.com/suhasHere/mls/credential.go:153.41,155.3 1 7
github.com/suhasHere/mls/credential.go:166.70,170.41 3 3
github.com/suhasHere/mls/credential.go:189.2,191.9 3 3
github.com/suhasHere/mls/credential.go:195.2,195.40 1 3
github.com/suhasHere/mls/credential.go:170.41,176.51 4 4
github.com/suhasHere/mls/credential.go:181.3,181.55 1 4
github.com/suhasHere/mls/credential.go:176.51,178.4 1 0
github.com/suhasHere/mls/credential.go:181.55,183.4 1 0
github.com/suhasHere/mls/credential.go:191.9,193.3 1 0
github.com/suhasHere/mls/credential.go:213.103,220.2 2 61
github.com/suhasHere/mls/credential.go:222.99,223.21 1 6
github.com/suhasHere/mls/credential.go:227.2,231.72 2 5
github.com/suhasHere/mls/credential.go:235.2,235.65 1 4
github.com/suhasHere/mls/credential.go:223.21,225.3 1 1
github.com/suhasHere/mls/credential.go:231.72,233.3 1 1
github.com/suhasHere/mls/credential.go:239.47,240.18 1 661
github.com/suhasHere/mls/credential.go:241.26,242.31 1 1
github.com/suhasHere/mls/credential.go:243.27,244.45 1 659
github.com/suhasHere/mls/credential.go:245.10,246.32 1 0
github.com/suhasHere/mls/credential.go:250.43,251.9 1 1972
github.com/suhasHere/mls/credential.go:252.21,253.28 1 5
github.com/suhasHere/mls/credential.go:254.22,255.29 1 1962
github.com/suhasHere/mls/credential.go:256.10,257.32 1 5
github.com/suhasHere/mls/credential.go:261.62,263.2 1 22
github.com/suhasHere/mls/credential.go:265.41,267.2 1 1
github.com/suhasHere/mls/credential.go:269.62,270.25 1 2
github.com/suhasHere/mls/credential.go:274.2,274.28 1 1
github.com/suhasHere/mls/credential.go:270.25,272.3 1 1
github.com/suhasHere/mls/credential.go:277.39,278.18 1 5
github.com/suhasHere/mls/credential.go:279.26,280.36 1 0
github.com/suhasHere/mls/credential.go:281.27,282.26 1 5
github.com/suhasHere/mls/credential.go:283.10,284.52 1 0
github.com/suhasHere/mls/credential.go:288.46,289.18 1 208
github.com/suhasHere/mls/credential.go:290.26,291.25 1 1
github.com/suhasHere/mls/credential.go:292.27,293.33 1 206
github.com/suhasHere/mls/credential.go:294.10,295.58 1 0
github.com/suhasHere/mls/credential.go:299.53,300.18 1 177
github.com/suhasHere/mls/credential.go:301.26,302.28 1 1
github.com/suhasHere/mls/credential.go:303.27,304.37 1 175
github.com/suhasHere/mls/credential.go:305.10,306.52 1 0
github.com/suhasHere/mls/credential.go:310.50,314.16 4 918
github.com/suhasHere/mls/credential.go:317.2,317.24 1 917
github.com/suhasHere/mls/credential.go:326.2,326.16 1 917
github.com/suhasHere/mls/credential.go:330.2,330.22 1 917
github.com/suhasHere/mls/credential.go:314.16,316.3 1 0
github.com/suhasHere/mls/credential.go:318.26,319.24 1 1
github.com/suhasHere/mls/credential.go:320.27,321.25 1 916
github.com/suhasHere/mls/credential.go:322.10,323.70 1 0
github.com/suhasHere/mls/credential.go:326.16,328.3 1 0
github.com/suhasHere/mls/credential.go:333.61,337.16 4 84
github.com/suhasHere/mls/credential.go:341.2,341.24 1 84
github.com/suhasHere/mls/credential.go:352.2,352.16 1 84
github.com/suhasHere/mls/credential.go:355.2,355.26 1 84
github.com/suhasHere/mls/credential.go:337.16,339.3 1 0
github.com/suhasHere/mls/credential.go:342.26,344.26 2 1
github.com/suhasHere/mls/credential.go:345.27,347.27 2 83
github.com/suhasHere/mls/credential.go:348.10,349.78 1 0
github.com/suhasHere/mls/credential.go:352.16,354.3 1 0
github.com/suhasHere/mls/extensions.go:33.39,35.2 1 10
github.com/suhasHere/mls/extensions.go:37.55,39.16 2 218
github.com/suhasHere/mls/extensions.go:44.2,44.28 1 218
github.com/suhasHere/mls/extensions.go:52.2,56.12 2 215
github.com/suhasHere/mls/extensions.go:39.16,41.3 1 0
github.com/suhasHere/mls/extensions.go:44.28,45.48 1 263
github.com/suhasHere/mls/extensions.go:45.48,48.4 2 3
github.com/suhasHere/mls/extensions.go:59.57,60.33 1 6
github.com/suhasHere/mls/extensions.go:65.2,65.14 1 3
github.com/suhasHere/mls/extensions.go:60.33,61.35 1 16
github.com/suhasHere/mls/extensions.go:61.35,63.4 1 3
github.com/suhasHere/mls/extensions.go:68.63,69.33 1 240
github.com/suhasHere/mls/extensions.go:83.2,83.19 1 31
github.com/suhasHere/mls/extensions.go:69.33,70.38 1 657
github.com/suhasHere/mls/extensions.go:70.38,72.18 2 209
github.com/suhasHere/mls/extensions.go:76.4,76.38 1 209
github.com/suhasHere/mls/extensions.go:80.4,80.20 1 208
github.com/suhasHere/mls/extensions.go:72.18,74.5 1 0
github.com/suhasHere/mls/extensions.go:76.38,78.5 1 1
github.com/suhasHere/mls/extensions.go:92.60,94.2 1 109
github.com/suhasHere/mls/extensions.go:102.64,104.2 1 217
github.com/suhasHere/mls/extensions.go:110.52,112.2 1 328
github.com/suhasHere/mls/extensions.go:120.53,122.2 1 472
github.com/suhasHere/mls/key-schedule.go:14.42,19.2 1 4158
github.com/suhasHere/mls/key-schedule.go:21.27,22.22 1 5249
github.com/suhasHere/mls/key-schedule.go:22.22,24.3 1 166024
github.com/suhasHere/mls/key-schedule.go:42.88,53.2 1 1061
github.com/suhasHere/mls/key-schedule.go:55.53,69.2 10 4158
github.com/suhasHere/mls/key-schedule.go:71.68,72.40 1 1088
github.com/suhasHere/mls/key-schedule.go:76.2,76.36 1 1088
github.com/suhasHere/mls/key-schedule.go:80.2,80.37 1 1055
github.com/suhasHere/mls/key-schedule.go:84.2,85.16 2 1055
github.com/suhasHere/mls/key-schedule.go:72.40,74.3 1 0
github.com/suhasHere/mls/key-schedule.go:76.36,78.3 1 33
github.com/suhasHere/mls/key-schedule.go:80.37,82.3 1 3096
github.com/suhasHere/mls/key-schedule.go:88.49,89.40 1 54
github.com/suhasHere/mls/key-schedule.go:93.2,95.30 3 54
github.com/suhasHere/mls/key-schedule.go:89.40,91.3 1 0
github.com/suhasHere/mls/key-schedule.go:112.84,114.2 1 166
github.com/suhasHere/mls/key-schedule.go:116.53,118.2 1 516
github.com/suhasHere/mls/key-schedule.go:120.62,123.2 2 516
github.com/suhasHere/mls/key-schedule.go:127.46,131.2 1 1
github.com/suhasHere/mls/key-schedule.go:133.56,137.2 1 1
github.com/suhasHere/mls/key-schedule.go:147.100,158.2 3 166
github.com/suhasHere/mls/key-schedule.go:160.52,162.2 1 545
github.com/suhasHere/mls/key-schedule.go:164.61,171.25 6 545
github.com/suhasHere/mls/key-schedule.go:179.2,179.12 1 545
github.com/suhasHere/mls/key-schedule.go:184.2,184.28 1 545
github.com/suhasHere/mls/key-schedule.go:197.2,200.12 4 545
github.com/suhasHere/mls/key-schedule.go:171.25,172.38 1 983
github.com/suhasHere/mls/key-schedule.go:172.38,175.9 3 545
github.com/suhasHere/mls/key-schedule.go:179.12,180.46 1 0
github.com/suhasHere/mls/key-schedule.go:184.28,194.3 8 438
github.com/suhasHere/mls/key-schedule.go:203.39,206.50 3 0
github.com/suhasHere/mls/key-schedule.go:206.50,208.9 2 0
github.com/suhasHere/mls/key-schedule.go:208.9,210.4 1 0
github.com/suhasHere/mls/key-schedule.go:210.9,212.4 1 0
github.com/suhasHere/mls/key-schedule.go:225.66,226.39 1 1149
github.com/suhasHere/mls/key-schedule.go:230.2,232.29 3 1061
github.com/suhasHere/mls/key-schedule.go:226.39,228.3 1 88
github.com/suhasHere/mls/key-schedule.go:235.72,237.2 1 7
github.com/suhasHere/mls/key-schedule.go:239.89,241.2 1 1088
github.com/suhasHere/mls/key-schedule.go:243.70,245.2 1 54
github.com/suhasHere/mls/key-schedule.go:251.78,264.2 7 32
github.com/suhasHere/mls/key-schedule.go:293.107,327.2 12 166
github.com/suhasHere/mls/key-schedule.go:330.49,333.2 2 167
github.com/suhasHere/mls/key-schedule.go:335.105,337.19 2 143
github.com/suhasHere/mls/key-schedule.go:341.2,344.67 4 143
github.com/suhasHere/mls/key-schedule.go:337.19,339.3 1 42
github.com/suhasHere/mls/key-schedule.go:347.89,351.2 3 102
github.com/suhasHere/mls/messages.go:45.52,53.2 7 631
github.com/suhasHere/mls/messages.go:55.41,65.2 1 242
github.com/suhasHere/mls/messages.go:67.58,68.26 1 2
github.com/suhasHere/mls/messages.go:72.2,72.29 1 1
github.com/suhasHere/mls/messages.go:68.26,70.3 1 1
github.com/suhasHere/mls/messages.go:75.64,76.40 1 44
github.com/suhasHere/mls/messages.go:80.2,82.12 3 43
github.com/suhasHere/mls/messages.go:76.40,78.3 1 1
github.com/suhasHere/mls/messages.go:85.42,87.2 1 31
github.com/suhasHere/mls/messages.go:89.51,104.16 2 130
github.com/suhasHere/mls/messages.go:108.2,108.17 1 130
github.com/suhasHere/mls/messages.go:104.16,106.3 1 0
github.com/suhasHere/mls/messages.go:111.45,113.16 2 15
github.com/suhasHere/mls/messages.go:117.2,119.12 3 15
github.com/suhasHere/mls/messages.go:113.16,115.3 1 0
github.com/suhasHere/mls/messages.go:122.65,123.27 1 23
github.com/suhasHere/mls/messages.go:130.2,130.12 1 23
github.com/suhasHere/mls/messages.go:123.27,125.17 2 23
github.com/suhasHere/mls/messages.go:125.17,127.4 1 0
github.com/suhasHere/mls/messages.go:133.36,135.17 2 88
github.com/suhasHere/mls/messages.go:139.2,140.16 2 87
github.com/suhasHere/mls/messages.go:144.2,145.16 2 87
github.com/suhasHere/mls/messages.go:149.2,150.12 2 87
github.com/suhasHere/mls/messages.go:135.17,137.3 1 1
github.com/suhasHere/mls/messages.go:140.16,142.3 1 0
github.com/suhasHere/mls/messages.go:145.16,147.3 1 0
github.com/suhasHere/mls/messages.go:153.36,159.26 5 44
github.com/suhasHere/mls/messages.go:164.2,166.26 3 44
github.com/suhasHere/mls/messages.go:170.2,171.30 2 44
github.com/suhasHere/mls/messages.go:176.2,177.39 2 43
github.com/suhasHere/mls/messages.go:181.2,182.16 2 43
github.com/suhasHere/mls/messages.go:186.2,186.89 1 43
github.com/suhasHere/mls/messages.go:159.26,161.3 1 0
github.com/suhasHere/mls/messages.go:166.26,168.3 1 0
github.com/suhasHere/mls/messages.go:171.30,173.3 1 1
github.com/suhasHere/mls/messages.go:177.39,179.3 1 0
github.com/suhasHere/mls/messages.go:182.16,184.3 1 0
github.com/suhasHere/mls/messages.go:189.78,191.16 2 46
github.com/suhasHere/mls/messages.go:195.2,195.55 1 46
github.com/suhasHere/mls/messages.go:191.16,193.3 1 0
github.com/suhasHere/mls/messages.go:198.113,209.16 3 64
github.com/suhasHere/mls/messages.go:213.2,214.16 2 64
github.com/suhasHere/mls/messages.go:218.2,220.16 3 64
github.com/suhasHere/mls/messages.go:225.2,226.16 2 64
github.com/suhasHere/mls/messages.go:229.2,229.16 1 64
github.com/suhasHere/mls/messages.go:209.16,211.3 1 0
github.com/suhasHere/mls/messages.go:214.16,216.3 1 0
github.com/suhasHere/mls/messages.go:220.16,222.3 1 0
github.com/suhasHere/mls/messages.go:226.16,228.3 1 0
github.com/suhasHere/mls/messages.go:244.44,246.2 1 195
github.com/suhasHere/mls/messages.go:266.39,267.9 1 268
github.com/suhasHere/mls/messages.go:268.20,269.25 1 114
github.com/suhasHere/mls/messages.go:270.23,271.28 1 110
github.com/suhasHere/mls/messages.go:272.23,273.28 1 42
github.com/suhasHere/mls/messages.go:274.10,275.30 1 2
github.com/suhasHere/mls/messages.go:279.48,283.16 4 192
github.com/suhasHere/mls/messages.go:287.2,287.22 1 191
github.com/suhasHere/mls/messages.go:298.2,298.16 1 191
github.com/suhasHere/mls/messages.go:302.2,302.22 1 191
github.com/suhasHere/mls/messages.go:283.16,285.3 1 0
github.com/suhasHere/mls/messages.go:288.23,289.23 1 84
github.com/suhasHere/mls/messages.go:290.26,291.26 1 77
github.com/suhasHere/mls/messages.go:292.26,293.26 1 30
github.com/suhasHere/mls/messages.go:294.10,295.81 1 0
github.com/suhasHere/mls/messages.go:298.16,300.3 1 0
github.com/suhasHere/mls/messages.go:305.59,309.16 4 4
github.com/suhasHere/mls/messages.go:313.2,313.22 1 4
github.com/suhasHere/mls/messages.go:327.2,327.16 1 4
github.com/suhasHere/mls/messages.go:331.2,331.26 1 4
github.com/suhasHere/mls/messages.go:309.16,311.3 1 0
github.com/suhasHere/mls/messages.go:314.23,316.25 2 1
github.com/suhasHere/mls/messages.go:317.26,319.28 2 1
github.com/suhasHere/mls/messages.go:320.26,322.28 2 2
github.com/suhasHere/mls/messages.go:323.10,324.66 1 0
github.com/suhasHere/mls/messages.go:327.16,329.3 1 0
github.com/suhasHere/mls/messages.go:341.39,343.2 1 102
github.com/suhasHere/mls/messages.go:354.48,356.2 1 1
github.com/suhasHere/mls/messages.go:381.43,383.2 1 421
github.com/suhasHere/mls/messages.go:394.42,396.2 1 308
github.com/suhasHere/mls/messages.go:421.49,422.9 1 439
github.com/suhasHere/mls/messages.go:423.28,424.32 1 87
github.com/suhasHere/mls/messages.go:425.25,426.29 1 239
github.com/suhasHere/mls/messages.go:427.23,428.27 1 112
github.com/suhasHere/mls/messages.go:429.10,430.39 1 1
github.com/suhasHere/mls/messages.go:434.59,438.16 4 268
github.com/suhasHere/mls/messages.go:442.2,442.21 1 268
github.com/suhasHere/mls/messages.go:453.2,453.16 1 268
github.com/suhasHere/mls/messages.go:457.2,457.22 1 268
github.com/suhasHere/mls/messages.go:438.16,440.3 1 0
github.com/suhasHere/mls/messages.go:443.30,444.31 1 37
github.com/suhasHere/mls/messages.go:445.27,446.28 1 188
github.com/suhasHere/mls/messages.go:447.25,448.26 1 43
github.com/suhasHere/mls/messages.go:449.10,450.75 1 0
github.com/suhasHere/mls/messages.go:453.16,455.3 1 0
github.com/suhasHere/mls/messages.go:460.70,464.16 4 47
github.com/suhasHere/mls/messages.go:468.2,468.21 1 47
github.com/suhasHere/mls/messages.go:482.2,482.16 1 47
github.com/suhasHere/mls/messages.go:486.2,486.26 1 47
github.com/suhasHere/mls/messages.go:464.16,466.3 1 0
github.com/suhasHere/mls/messages.go:469.30,471.33 2 45
github.com/suhasHere/mls/messages.go:472.27,474.30 2 1
github.com/suhasHere/mls/messages.go:475.25,477.28 2 1
github.com/suhasHere/mls/messages.go:478.10,479.73 1 0
github.com/suhasHere/mls/messages.go:482.16,484.3 1 0
github.com/suhasHere/mls/messages.go:498.60,501.16 3 147
github.com/suhasHere/mls/messages.go:505.2,519.16 2 147
github.com/suhasHere/mls/messages.go:522.2,522.17 1 147
github.com/suhasHere/mls/messages.go:501.16,502.72 1 0
github.com/suhasHere/mls/messages.go:519.16,520.65 1 0
github.com/suhasHere/mls/messages.go:525.104,528.16 3 47
github.com/suhasHere/mls/messages.go:532.2,533.12 2 47
github.com/suhasHere/mls/messages.go:528.16,530.3 1 0
github.com/suhasHere/mls/messages.go:536.104,539.2 2 100
github.com/suhasHere/mls/messages.go:541.47,556.16 2 42
github.com/suhasHere/mls/messages.go:560.2,560.12 1 42
github.com/suhasHere/mls/messages.go:556.16,558.3 1 0
github.com/suhasHere/mls/messages.go:562.57,566.16 4 42
github.com/suhasHere/mls/messages.go:569.2,569.22 1 42
github.com/suhasHere/mls/messages.go:566.16,568.3 1 0
github.com/suhasHere/mls/messages.go:598.28,607.2 7 0
github.com/suhasHere/mls/messages.go:609.50,627.2 1 31
github.com/suhasHere/mls/messages.go:629.77,632.9 2 15
github.com/suhasHere/mls/messages.go:636.2,638.33 3 15
github.com/suhasHere/mls/messages.go:643.2,645.16 3 15
github.com/suhasHere/mls/messages.go:650.2,651.16 2 15
github.com/suhasHere/mls/messages.go:655.2,656.12 2 15
github.com/suhasHere/mls/messages.go:632.9,634.3 1 0
github.com/suhasHere/mls/messages.go:638.33,640.3 1 0
github.com/suhasHere/mls/messages.go:645.16,647.3 1 0
github.com/suhasHere/mls/messages.go:651.16,653.3 1 0
github.com/suhasHere/mls/messages.go:659.36,662.9 2 16
github.com/suhasHere/mls/messages.go:666.2,671.16 4 16
github.com/suhasHere/mls/messages.go:676.2,677.10 2 16
github.com/suhasHere/mls/messages.go:681.2,681.12 1 16
github.com/suhasHere/mls/messages.go:662.9,664.3 1 0
github.com/suhasHere/mls/messages.go:671.16,673.3 1 0
github.com/suhasHere/mls/messages.go:677.10,679.3 1 0
github.com/suhasHere/mls/messages.go:722.84,725.16 2 16
github.com/suhasHere/mls/messages.go:729.2,731.16 3 16
github.com/suhasHere/mls/messages.go:734.2,742.3 2 16
github.com/suhasHere/mls/messages.go:725.16,726.70 1 0
github.com/suhasHere/mls/messages.go:731.16,732.65 1 0
github.com/suhasHere/mls/messages.go:745.63,748.16 2 16
github.com/suhasHere/mls/messages.go:752.2,761.16 4 16
github.com/suhasHere/mls/messages.go:765.2,766.16 2 16
github.com/suhasHere/mls/messages.go:771.2,775.36 2 16
github.com/suhasHere/mls/messages.go:748.16,749.63 1 0
github.com/suhasHere/mls/messages.go:761.16,762.71 1 0
github.com/suhasHere/mls/messages.go:766.16,767.74 1 0
github.com/suhasHere/mls/messages.go:778.85,782.16 3 16
github.com/suhasHere/mls/messages.go:786.2,787.16 2 16
github.com/suhasHere/mls/messages.go:791.2,793.16 3 16
github.com/suhasHere/mls/messages.go:797.2,800.35 3 16
github.com/suhasHere/mls/messages.go:804.2,806.16 2 16
github.com/suhasHere/mls/messages.go:782.16,784.3 1 0
github.com/suhasHere/mls/messages.go:787.16,789.3 1 0
github.com/suhasHere/mls/messages.go:793.16,795.3 1 0
github.com/suhasHere/mls/messages.go:800.35,802.3 1 0
github.com/suhasHere/mls/ratchet-tree.go:29.53,35.2 4 352
github.com/suhasHere/mls/ratchet-tree.go:37.40,45.37 2 159
github.com/suhasHere/mls/ratchet-tree.go:49.2,49.13 1 159
github.com/suhasHere/mls/ratchet-tree.go:45.37,47.3 1 0
github.com/suhasHere/mls/ratchet-tree.go:52.47,54.2 1 0
github.com/suhasHere/mls/ratchet-tree.go:56.54,59.2 2 478
github.com/suhasHere/mls/ratchet-tree.go:61.57,64.2 2 355
github.com/suhasHere/mls/ratchet-tree.go:66.76,68.16 2 222
github.com/suhasHere/mls/ratchet-tree.go:72.2,73.12 2 222
github.com/suhasHere/mls/ratchet-tree.go:68.16,70.3 1 0
github.com/suhasHere/mls/ratchet-tree.go:85.41,86.30 1 990
github.com/suhasHere/mls/ratchet-tree.go:90.2,90.18 1 887
github.com/suhasHere/mls/ratchet-tree.go:86.30,88.3 1 103
github.com/suhasHere/mls/ratchet-tree.go:91.20,92.36 1 535
github.com/suhasHere/mls/ratchet-tree.go:93.22,94.39 1 352
github.com/suhasHere/mls/ratchet-tree.go:95.10,96.15 1 0
github.com/suhasHere/mls/ratchet-tree.go:100.30,101.14 1 438
github.com/suhasHere/mls/ratchet-tree.go:105.2,106.18 2 400
github.com/suhasHere/mls/ratchet-tree.go:117.2,117.13 1 400
github.com/suhasHere/mls/ratchet-tree.go:101.14,103.3 1 38
github.com/suhasHere/mls/ratchet-tree.go:107.20,109.21 2 241
github.com/suhasHere/mls/ratchet-tree.go:110.22,112.23 2 159
github.com/suhasHere/mls/ratchet-tree.go:113.10,114.26 1 0
github.com/suhasHere/mls/ratchet-tree.go:120.31,121.9 1 3331
github.com/suhasHere/mls/ratchet-tree.go:122.21,123.22 1 1516
github.com/suhasHere/mls/ratchet-tree.go:124.23,125.24 1 1815
github.com/suhasHere/mls/ratchet-tree.go:126.10,127.26 1 0
github.com/suhasHere/mls/ratchet-tree.go:131.41,132.18 1 100
github.com/suhasHere/mls/ratchet-tree.go:133.20,134.24 1 84
github.com/suhasHere/mls/ratchet-tree.go:135.22,136.28 1 16
github.com/suhasHere/mls/ratchet-tree.go:137.10,138.26 1 0
github.com/suhasHere/mls/ratchet-tree.go:142.51,143.18 1 2
github.com/suhasHere/mls/ratchet-tree.go:144.20,145.29 1 1
github.com/suhasHere/mls/ratchet-tree.go:146.22,147.31 1 1
github.com/suhasHere/mls/ratchet-tree.go:148.10,149.26 1 0
github.com/suhasHere/mls/ratchet-tree.go:153.51,155.18 2 70
github.com/suhasHere/mls/ratchet-tree.go:164.2,164.22 1 70
github.com/suhasHere/mls/ratchet-tree.go:167.2,167.25 1 49
github.com/suhasHere/mls/ratchet-tree.go:156.20,157.32 1 51
github.com/suhasHere/mls/ratchet-tree.go:158.22,159.34 1 19
github.com/suhasHere/mls/ratchet-tree.go:160.10,161.26 1 0
github.com/suhasHere/mls/ratchet-tree.go:164.22,166.3 1 21
github.com/suhasHere/mls/ratchet-tree.go:170.44,171.14 1 180
github.com/suhasHere/mls/ratchet-tree.go:175.2,175.18 1 170
github.com/suhasHere/mls/ratchet-tree.go:171.14,173.3 1 10
github.com/suhasHere/mls/ratchet-tree.go:176.22,177.35 1 65
github.com/suhasHere/mls/ratchet-tree.go:179.20,182.17 3 105
github.com/suhasHere/mls/ratchet-tree.go:185.3,185.13 1 105
github.com/suhasHere/mls/ratchet-tree.go:189.3,189.30 1 75
github.com/suhasHere/mls/ratchet-tree.go:191.10,192.20 1 0
github.com/suhasHere/mls/ratchet-tree.go:182.17,184.4 1 0
github.com/suhasHere/mls/ratchet-tree.go:185.13,187.4 1 30
github.com/suhasHere/mls/ratchet-tree.go:196.44,200.16 4 329
github.com/suhasHere/mls/ratchet-tree.go:204.2,204.18 1 329
github.com/suhasHere/mls/ratchet-tree.go:212.2,212.16 1 329
github.com/suhasHere/mls/ratchet-tree.go:216.2,216.22 1 329
github.com/suhasHere/mls/ratchet-tree.go:200.16,202.3 1 0
github.com/suhasHere/mls/ratchet-tree.go:205.20,206.24 1 196
github.com/suhasHere/mls/ratchet-tree.go:207.22,208.26 1 133
github.com/suhasHere/mls/ratchet-tree.go:209.10,210.50 1 0
github.com/suhasHere/mls/ratchet-tree.go:212.16,214.3 1 0
github.com/suhasHere/mls/ratchet-tree.go:219.55,223.16 4 118
github.com/suhasHere/mls/ratchet-tree.go:227.2,227.18 1 118
github.com/suhasHere/mls/ratchet-tree.go:237.2,237.16 1 118
github.com/suhasHere/mls/ratchet-tree.go:241.2,241.26 1 118
github.com/suhasHere/mls/ratchet-tree.go:223.16,225.3 1 0
github.com/suhasHere/mls/ratchet-tree.go:228.20,230.26 2 74
github.com/suhasHere/mls/ratchet-tree.go:231.22,233.28 2 44
github.com/suhasHere/mls/ratchet-tree.go:234.10,235.50 1 0
github.com/suhasHere/mls/ratchet-tree.go:237.16,239.3 1 0
github.com/suhasHere/mls/ratchet-tree.go:252.50,254.2 1 93
github.com/suhasHere/mls/ratchet-tree.go:256.80,262.16 3 222
github.com/suhasHere/mls/ratchet-tree.go:266.2,266.56 1 222
github.com/suhasHere/mls/ratchet-tree.go:262.16,264.3 1 0
github.com/suhasHere/mls/ratchet-tree.go:269.44,274.2 1 438
github.com/suhasHere/mls/ratchet-tree.go:276.36,278.2 1 2964
github.com/suhasHere/mls/ratchet-tree.go:280.37,282.2 1 134
github.com/suhasHere/mls/ratchet-tree.go:284.55,285.54 1 123
github.com/suhasHere/mls/ratchet-tree.go:289.2,289.15 1 123
github.com/suhasHere/mls/ratchet-tree.go:295.2,295.33 1 123
github.com/suhasHere/mls/ratchet-tree.go:285.54,286.36 1 0
github.com/suhasHere/mls/ratchet-tree.go:289.15,294.3 1 83
github.com/suhasHere/mls/ratchet-tree.go:298.70,299.15 1 593
github.com/suhasHere/mls/ratchet-tree.go:303.2,303.37 1 474
github.com/suhasHere/mls/ratchet-tree.go:307.2,308.16 2 474
github.com/suhasHere/mls/ratchet-tree.go:312.2,312.32 1 474
github.com/suhasHere/mls/ratchet-tree.go:299.15,301.3 1 119
github.com/suhasHere/mls/ratchet-tree.go:303.37,305.3 1 0
github.com/suhasHere/mls/ratchet-tree.go:308.16,310.3 1 0
github.com/suhasHere/mls/ratchet-tree.go:315.80,317.16 2 1016
github.com/suhasHere/mls/ratchet-tree.go:321.2,322.12 2 1016
github.com/suhasHere/mls/ratchet-tree.go:317.16,319.3 1 0
github.com/suhasHere/mls/ratchet-tree.go:330.82,336.16 2 343
github.com/suhasHere/mls/ratchet-tree.go:344.2,344.36 1 343
github.com/suhasHere/mls/ratchet-tree.go:336.16,337.36 1 303
github.com/suhasHere/mls/ratchet-tree.go:341.3,341.33 1 303
github.com/suhasHere/mls/ratchet-tree.go:337.36,339.4 1 0
github.com/suhasHere/mls/ratchet-tree.go:354.104,362.16 2 673
github.com/suhasHere/mls/ratchet-tree.go:370.2,370.36 1 673
github.com/suhasHere/mls/ratchet-tree.go:362.16,363.38 1 424
github.com/suhasHere/mls/ratchet-tree.go:367.3,367.35 1 424
github.com/suhasHere/mls/ratchet-tree.go:363.38,365.4 1 0
github.com/suhasHere/mls/ratchet-tree.go:381.42,383.25 2 0
github.com/suhasHere/mls/ratchet-tree.go:383.25,385.20 2 0
github.com/suhasHere/mls/ratchet-tree.go:389.3,390.25 2 0
github.com/suhasHere/mls/ratchet-tree.go:395.3,396.35 2 0
github.com/suhasHere/mls/ratchet-tree.go:400.3,401.47 2 0
github.com/suhasHere/mls/ratchet-tree.go:406.3,408.83 3 0
github.com/suhasHere/mls/ratchet-tree.go:385.20,387.4 1 0
github.com/suhasHere/mls/ratchet-tree.go:390.25,392.12 2 0
github.com/suhasHere/mls/ratchet-tree.go:396.35,398.4 1 0
github.com/suhasHere/mls/ratchet-tree.go:401.47,404.4 2 0
github.com/suhasHere/mls/ratchet-tree.go:413.53,415.2 1 18
github.com/suhasHere/mls/ratchet-tree.go:417.73,422.2 4 67
github.com/suhasHere/mls/ratchet-tree.go:424.73,427.30 2 66
github.com/suhasHere/mls/ratchet-tree.go:431.2,435.23 3 66
github.com/suhasHere/mls/ratchet-tree.go:442.2,443.12 2 66
github.com/suhasHere/mls/ratchet-tree.go:427.30,429.3 1 114
github.com/suhasHere/mls/ratchet-tree.go:435.23,436.56 1 76
github.com/suhasHere/mls/ratchet-tree.go:439.3,439.44 1 0
github.com/suhasHere/mls/ratchet-tree.go:436.56,437.12 1 76
github.com/suhasHere/mls/ratchet-tree.go:446.76,448.24 2 27
github.com/suhasHere/mls/ratchet-tree.go:452.2,456.12 4 27
github.com/suhasHere/mls/ratchet-tree.go:448.24,450.3 1 0
github.com/suhasHere/mls/ratchet-tree.go:459.119,461.25 2 22
github.com/suhasHere/mls/ratchet-tree.go:465.2,467.12 3 22
github.com/suhasHere/mls/ratchet-tree.go:461.25,463.3 1 0
github.com/suhasHere/mls/ratchet-tree.go:470.91,477.28 5 119
github.com/suhasHere/mls/ratchet-tree.go:483.2,483.16 1 119
github.com/suhasHere/mls/ratchet-tree.go:477.28,481.3 3 195
github.com/suhasHere/mls/ratchet-tree.go:486.109,497.23 6 42
github.com/suhasHere/mls/ratchet-tree.go:529.2,530.16 2 42
github.com/suhasHere/mls/ratchet-tree.go:534.2,534.44 1 42
github.com/suhasHere/mls/ratchet-tree.go:497.23,499.25 2 90
github.com/suhasHere/mls/ratchet-tree.go:505.3,507.17 3 90
github.com/suhasHere/mls/ratchet-tree.go:510.3,517.29 4 90
github.com/suhasHere/mls/ratchet-tree.go:526.3,526.40 1 90
github.com/suhasHere/mls/ratchet-tree.go:499.25,500.12 1 0
github.com/suhasHere/mls/ratchet-tree.go:507.17,509.4 1 0
github.com/suhasHere/mls/ratchet-tree.go:517.29,520.18 3 100
github.com/suhasHere/mls/ratchet-tree.go:523.4,523.77 1 100
github.com/suhasHere/mls/ratchet-tree.go:520.18,522.5 1 0
github.com/suhasHere/mls/ratchet-tree.go:530.16,532.3 1 0
github.com/suhasHere/mls/ratchet-tree.go:537.90,539.2 1 0
github.com/suhasHere/mls/ratchet-tree.go:541.83,544.36 2 62
github.com/suhasHere/mls/ratchet-tree.go:562.2,562.36 1 62
github.com/suhasHere/mls/ratchet-tree.go:544.36,546.17 2 132
github.com/suhasHere/mls/ratchet-tree.go:550.3,550.75 1 132
github.com/suhasHere/mls/ratchet-tree.go:554.3,554.78 1 132
github.com/suhasHere/mls/ratchet-tree.go:558.3,558.72 1 132
github.com/suhasHere/mls/ratchet-tree.go:546.17,548.4 1 0
github.com/suhasHere/mls/ratchet-tree.go:550.75,552.4 1 0
github.com/suhasHere/mls/ratchet-tree.go:554.78,556.4 1 0
github.com/suhasHere/mls/ratchet-tree.go:565.117,567.32 2 47
github.com/suhasHere/mls/ratchet-tree.go:571.2,571.26 1 47
github.com/suhasHere/mls/ratchet-tree.go:600.2,600.76 1 0
github.com/suhasHere/mls/ratchet-tree.go:567.32,569.3 1 0
github.com/suhasHere/mls/ratchet-tree.go:571.26,575.53 3 65
github.com/suhasHere/mls/ratchet-tree.go:579.3,579.27 1 65
github.com/suhasHere/mls/ratchet-tree.go:575.53,577.4 1 0
github.com/suhasHere/mls/ratchet-tree.go:579.27,580.26 1 67
github.com/suhasHere/mls/ratchet-tree.go:584.4,585.11 2 67
github.com/suhasHere/mls/ratchet-tree.go:589.4,591.18 3 47
github.com/suhasHere/mls/ratchet-tree.go:595.4,596.38 2 47
github.com/suhasHere/mls/ratchet-tree.go:580.26,581.13 1 0
github.com/suhasHere/mls/ratchet-tree.go:585.11,586.13 1 20
github.com/suhasHere/mls/ratchet-tree.go:591.18,593.5 1 0
github.com/suhasHere/mls/ratchet-tree.go:603.94,606.32 2 47
github.com/suhasHere/mls/ratchet-tree.go:610.2,610.26 1 47
github.com/suhasHere/mls/ratchet-tree.go:615.2,616.16 2 47
github.com/suhasHere/mls/ratchet-tree.go:620.2,621.16 2 47
github.com/suhasHere/mls/ratchet-tree.go:625.2,626.16 2 47
github.com/suhasHere/mls/ratchet-tree.go:630.2,630.24 1 47
github.com/suhasHere/mls/ratchet-tree.go:606.32,608.3 1 0
github.com/suhasHere/mls/ratchet-tree.go:610.26,612.3 1 123
github.com/suhasHere/mls/ratchet-tree.go:616.16,618.3 1 0
github.com/suhasHere/mls/ratchet-tree.go:621.16,623.3 1 0
github.com/suhasHere/mls/ratchet-tree.go:626.16,628.3 1 0
github.com/suhasHere/mls/ratchet-tree.go:633.56,634.23 1 40
github.com/suhasHere/mls/ratchet-tree.go:638.2,641.55 4 40
github.com/suhasHere/mls/ratchet-tree.go:645.2,648.12 3 40
github.com/suhasHere/mls/ratchet-tree.go:634.23,636.3 1 0
github.com/suhasHere/mls/ratchet-tree.go:641.55,643.3 1 94
github.com/suhasHere/mls/ratchet-tree.go:651.69,653.25 2 179
github.com/suhasHere/mls/ratchet-tree.go:657.2,657.37 1 179
github.com/suhasHere/mls/ratchet-tree.go:653.25,655.3 1 0
github.com/suhasHere/mls/ratchet-tree.go:660.40,663.2 2 246
github.com/suhasHere/mls/ratchet-tree.go:665.42,671.28 2 58
github.com/suhasHere/mls/ratchet-tree.go:675.2,675.13 1 58
github.com/suhasHere/mls/ratchet-tree.go:671.28,673.3 1 438
github.com/suhasHere/mls/ratchet-tree.go:678.49,679.34 1 112
github.com/suhasHere/mls/ratchet-tree.go:683.2,683.36 1 112
github.com/suhasHere/mls/ratchet-tree.go:688.2,688.13 1 112
github.com/suhasHere/mls/ratchet-tree.go:679.34,681.3 1 0
github.com/suhasHere/mls/ratchet-tree.go:683.36,684.47 1 990
github.com/suhasHere/mls/ratchet-tree.go:684.47,686.4 1 0
github.com/suhasHere/mls/ratchet-tree.go:691.47,694.6 3 15
github.com/suhasHere/mls/ratchet-tree.go:701.2,701.13 1 15
github.com/suhasHere/mls/ratchet-tree.go:694.6,695.57 1 48
github.com/suhasHere/mls/ratchet-tree.go:695.57,697.4 1 33
github.com/suhasHere/mls/ratchet-tree.go:697.9,698.9 1 15
github.com/suhasHere/mls/ratchet-tree.go:704.60,706.49 2 30
github.com/suhasHere/mls/ratchet-tree.go:718.2,718.17 1 0
github.com/suhasHere/mls/ratchet-tree.go:706.49,709.16 3 96
github.com/suhasHere/mls/ratchet-tree.go:713.3,713.29 1 96
github.com/suhasHere/mls/ratchet-tree.go:709.16,710.12 1 0
github.com/suhasHere/mls/ratchet-tree.go:713.29,715.4 1 30
github.com/suhasHere/mls/ratchet-tree.go:723.45,724.25 1 30
github.com/suhasHere/mls/ratchet-tree.go:748.2,748.13 1 30
github.com/suhasHere/mls/ratchet-tree.go:724.25,726.20 2 270
github.com/suhasHere/mls/ratchet-tree.go:730.3,730.25 1 120
github.com/suhasHere/mls/ratchet-tree.go:734.3,735.17 2 90
github.com/suhasHere/mls/ratchet-tree.go:739.3,744.25 6 90
github.com/suhasHere/mls/ratchet-tree.go:726.20,727.12 1 150
github.com/suhasHere/mls/ratchet-tree.go:730.25,731.12 1 30
github.com/suhasHere/mls/ratchet-tree.go:735.17,737.4 1 0
github.com/suhasHere/mls/ratchet-tree.go:744.25,746.4 1 0
github.com/suhasHere/mls/ratchet-tree.go:754.39,756.2 1 2730
github.com/suhasHere/mls/ratchet-tree.go:758.44,760.2 1 458
github.com/suhasHere/mls/ratchet-tree.go:762.57,765.2 2 195
github.com/suhasHere/mls/ratchet-tree.go:767.59,769.29 1 207
github.com/suhasHere/mls/ratchet-tree.go:780.2,780.23 1 38
github.com/suhasHere/mls/ratchet-tree.go:786.2,789.10 4 26
github.com/suhasHere/mls/ratchet-tree.go:769.29,771.23 2 169
github.com/suhasHere/mls/ratchet-tree.go:776.3,776.13 1 169
github.com/suhasHere/mls/ratchet-tree.go:771.23,772.64 1 34
github.com/suhasHere/mls/ratchet-tree.go:772.64,774.5 1 0
github.com/suhasHere/mls/ratchet-tree.go:780.23,782.3 1 12
github.com/suhasHere/mls/ratchet-tree.go:792.54,793.23 1 1016
github.com/suhasHere/mls/ratchet-tree.go:797.2,799.65 3 673
github.com/suhasHere/mls/ratchet-tree.go:793.23,795.3 1 343
github.com/suhasHere/mls/ratchet-tree.go:802.68,805.18 3 289
github.com/suhasHere/mls/ratchet-tree.go:811.2,812.38 2 275
github.com/suhasHere/mls/ratchet-tree.go:823.2,824.16 2 275
github.com/suhasHere/mls/ratchet-tree.go:829.2,830.16 2 275
github.com/suhasHere/mls/ratchet-tree.go:834.2,834.20 1 275
github.com/suhasHere/mls/ratchet-tree.go:841.2,841.28 1 275
github.com/suhasHere/mls/ratchet-tree.go:805.18,808.3 1 14
github.com/suhasHere/mls/ratchet-tree.go:812.38,813.31 1 346
github.com/suhasHere/mls/ratchet-tree.go:817.3,818.17 2 228
github.com/suhasHere/mls/ratchet-tree.go:813.31,814.12 1 118
github.com/suhasHere/mls/ratchet-tree.go:818.17,820.4 1 0
github.com/suhasHere/mls/ratchet-tree.go:824.16,826.3 1 0
github.com/suhasHere/mls/ratchet-tree.go:830.16,832.3 1 0
github.com/suhasHere/mls/ratchet-tree.go:834.20,836.17 2 621
github.com/suhasHere/mls/ratchet-tree.go:836.17,838.4 1 0
github.com/suhasHere/mls/ratchet-tree.go:844.61,845.23 1 120
github.com/suhasHere/mls/ratchet-tree.go:849.2,849.23 1 120
github.com/suhasHere/mls/ratchet-tree.go:853.2,855.16 3 52
github.com/suhasHere/mls/ratchet-tree.go:859.2,861.16 3 52
github.com/suhasHere/mls/ratchet-tree.go:865.2,865.25 1 52
github.com/suhasHere/mls/ratchet-tree.go:845.23,847.3 1 0
github.com/suhasHere/mls/ratchet-tree.go:849.23,851.3 1 68
github.com/suhasHere/mls/ratchet-tree.go:855.16,857.3 1 0
github.com/suhasHere/mls/ratchet-tree.go:861.16,863.3 1 0
github.com/suhasHere/mls/ratchet-tree.go:868.42,870.2 1 16
github.com/suhasHere/mls/ratchet-tree.go:877.50,878.39 1 1
github.com/suhasHere/mls/ratchet-tree.go:878.39,880.3 1 2
github.com/suhasHere/mls/ratchet-tree.go:883.47,888.28 2 1
github.com/suhasHere/mls/ratchet-tree.go:901.2,901.11 1 1
github.com/suhasHere/mls/ratchet-tree.go:888.28,889.16 1 3
github.com/suhasHere/mls/ratchet-tree.go:893.3,894.10 2 3
github.com/suhasHere/mls/ratchet-tree.go:898.3,898.38 1 2
github.com/suhasHere/mls/ratchet-tree.go:889.16,890.12 1 0
github.com/suhasHere/mls/ratchet-tree.go:894.10,895.12 1 1
github.com/suhasHere/mls/stream.go:15.36,17.2 1 1970
github.com/suhasHere/mls/stream.go:19.37,21.2 1 1969
github.com/suhasHere/mls/stream.go:23.52,25.16 2 3889
github.com/suhasHere/mls/stream.go:28.2,29.12 2 3889
github.com/suhasHere/mls/stream.go:25.16,27.3 1 0
github.com/suhasHere/mls/stream.go:32.59,33.27 1 50
github.com/suhasHere/mls/stream.go:39.2,39.12 1 50
github.com/suhasHere/mls/stream.go:33.27,35.17 2 109
github.com/suhasHere/mls/stream.go:35.17,37.4 1 0
github.com/suhasHere/mls/stream.go:42.46,45.2 2 0
github.com/suhasHere/mls/stream.go:56.45,58.2 1 299
github.com/suhasHere/mls/stream.go:60.57,62.16 2 624
github.com/suhasHere/mls/stream.go:66.2,67.18 2 624
github.com/suhasHere/mls/stream.go:62.16,64.3 1 0
github.com/suhasHere/mls/stream.go:70.64,72.27 2 23
github.com/suhasHere/mls/stream.go:80.2,80.18 1 23
github.com/suhasHere/mls/stream.go:72.27,74.17 2 70
github.com/suhasHere/mls/stream.go:78.3,78.19 1 70
github.com/suhasHere/mls/stream.go:74.17,76.4 1 0
github.com/suhasHere/mls/stream.go:83.37,85.2 1 253
github.com/suhasHere/mls/stream.go:87.37,89.2 1 0
github.com/suhasHere/mls/common.go:7.28,11.2 3 9740
github.com/suhasHere/mls/common.go:13.62,14.27 1 1927
github.com/suhasHere/mls/common.go:19.2,19.48 1 1
github.com/suhasHere/mls/common.go:14.27,15.14 1 2433
github.com/suhasHere/mls/common.go:15.14,17.4 1 1926
